2026-03-03 18:20:52.302 | INFO | 1. [-] Яндекс музыка
2. [-] SoundCloud


2026-03-03 18:20:52.303 | INFO | <bold>[1]</bold> Выберите сервис из которого хотите перенести плейлисты: 
2026-03-03 18:20:53.488 | INFO | <green>[*]</green> Сервис для экспорта: <bold>Яндекс музыка</bold>

1. [++] Яндекс музыка
2. [-] SoundCloud


2026-03-03 18:20:53.488 | INFO | <bold>[2]</bold> Выберите сервис в который хотите перенести плейлисты: 
2026-03-03 18:20:54.338 | INFO | [!] Вы выбрали 2 одинаковых сервиса, продолжить? [y-Да/N-Нет] > 
2026-03-03 18:20:56.628 | INFO | [*] Parsing playlists and tracks...
2026-03-03 18:21:00.569 | INFO | <green>[*]</green> Сервис для экспорта: <bold>Яндекс музыка</bold>
<green>[*]</green> Сервис для импорта: <bold>Яндекс музыка</bold>

===================================================================


1. [+] РњРЅРµ РЅСЂР°РІРёС‚СЃСЏ                     | РўСЂРµРєРѕРІ: <cyan>318</cyan>
2. [+] Cornfield Chase                             | РўСЂРµРєРѕРІ: <cyan>1</cyan>
3. [+] SKIF + Fugu95 + koleno4ka + LUCKYBANANA5894 | РўСЂРµРєРѕРІ: <cyan>43</cyan>
4. [+] 世界は恋に落ちている                                  | РўСЂРµРєРѕРІ: <cyan>9</cyan>
5. [+] псы попадут в рай                           | РўСЂРµРєРѕРІ: <cyan>4</cyan>


[!] Р”Р»СЏ РЅР°С‡Р°Р»Р° РїРµСЂРµРЅРѕСЃР° - РІРІРµРґРёС‚Рµ "<green>Y</green>" (Р±РµР· РєР°РІС‹С‡РµРє)

2026-03-03 18:21:00.570 | INFO | <bold>[3]</bold> Выберите какие плейлисты нужно перенести: 
2026-03-03 18:21:04.710 | INFO | <green>[*]</green> Сервис для экспорта: <bold>Яндекс музыка</bold>
<green>[*]</green> Сервис для импорта: <bold>Яндекс музыка</bold>

===================================================================


1. [-] РњРЅРµ РЅСЂР°РІРёС‚СЃСЏ                     | РўСЂРµРєРѕРІ: <cyan>318</cyan>
2. [+] Cornfield Chase                             | РўСЂРµРєРѕРІ: <cyan>1</cyan>
3. [+] SKIF + Fugu95 + koleno4ka + LUCKYBANANA5894 | РўСЂРµРєРѕРІ: <cyan>43</cyan>
4. [+] 世界は恋に落ちている                                  | РўСЂРµРєРѕРІ: <cyan>9</cyan>
5. [+] псы попадут в рай                           | РўСЂРµРєРѕРІ: <cyan>4</cyan>


[!] Р”Р»СЏ РЅР°С‡Р°Р»Р° РїРµСЂРµРЅРѕСЃР° - РІРІРµРґРёС‚Рµ "<green>Y</green>" (Р±РµР· РєР°РІС‹С‡РµРє)

2026-03-03 18:21:04.710 | INFO | <bold>[3]</bold> Выберите какие плейлисты нужно перенести: 
2026-03-03 18:21:05.218 | INFO | <green>[*]</green> Сервис для экспорта: <bold>Яндекс музыка</bold>
<green>[*]</green> Сервис для импорта: <bold>Яндекс музыка</bold>

===================================================================


1. [-] РњРЅРµ РЅСЂР°РІРёС‚СЃСЏ                     | РўСЂРµРєРѕРІ: <cyan>318</cyan>
2. [-] Cornfield Chase                             | РўСЂРµРєРѕРІ: <cyan>1</cyan>
3. [+] SKIF + Fugu95 + koleno4ka + LUCKYBANANA5894 | РўСЂРµРєРѕРІ: <cyan>43</cyan>
4. [+] 世界は恋に落ちている                                  | РўСЂРµРєРѕРІ: <cyan>9</cyan>
5. [+] псы попадут в рай                           | РўСЂРµРєРѕРІ: <cyan>4</cyan>


[!] Р”Р»СЏ РЅР°С‡Р°Р»Р° РїРµСЂРµРЅРѕСЃР° - РІРІРµРґРёС‚Рµ "<green>Y</green>" (Р±РµР· РєР°РІС‹С‡РµРє)

2026-03-03 18:21:05.219 | INFO | <bold>[3]</bold> Выберите какие плейлисты нужно перенести: 
2026-03-03 18:21:05.592 | INFO | <green>[*]</green> Сервис для экспорта: <bold>Яндекс музыка</bold>
<green>[*]</green> Сервис для импорта: <bold>Яндекс музыка</bold>

===================================================================


1. [-] РњРЅРµ РЅСЂР°РІРёС‚СЃСЏ                     | РўСЂРµРєРѕРІ: <cyan>318</cyan>
2. [-] Cornfield Chase                             | РўСЂРµРєРѕРІ: <cyan>1</cyan>
3. [-] SKIF + Fugu95 + koleno4ka + LUCKYBANANA5894 | РўСЂРµРєРѕРІ: <cyan>43</cyan>
4. [+] 世界は恋に落ちている                                  | РўСЂРµРєРѕРІ: <cyan>9</cyan>
5. [+] псы попадут в рай                           | РўСЂРµРєРѕРІ: <cyan>4</cyan>


[!] Р”Р»СЏ РЅР°С‡Р°Р»Р° РїРµСЂРµРЅРѕСЃР° - РІРІРµРґРёС‚Рµ "<green>Y</green>" (Р±РµР· РєР°РІС‹С‡РµРє)

2026-03-03 18:21:05.593 | INFO | <bold>[3]</bold> Выберите какие плейлисты нужно перенести: 
2026-03-03 18:21:05.974 | INFO | <green>[*]</green> Сервис для экспорта: <bold>Яндекс музыка</bold>
<green>[*]</green> Сервис для импорта: <bold>Яндекс музыка</bold>

===================================================================


1. [-] РњРЅРµ РЅСЂР°РІРёС‚СЃСЏ                     | РўСЂРµРєРѕРІ: <cyan>318</cyan>
2. [-] Cornfield Chase                             | РўСЂРµРєРѕРІ: <cyan>1</cyan>
3. [-] SKIF + Fugu95 + koleno4ka + LUCKYBANANA5894 | РўСЂРµРєРѕРІ: <cyan>43</cyan>
4. [-] 世界は恋に落ちている                                  | РўСЂРµРєРѕРІ: <cyan>9</cyan>
5. [+] псы попадут в рай                           | РўСЂРµРєРѕРІ: <cyan>4</cyan>


[!] Р”Р»СЏ РЅР°С‡Р°Р»Р° РїРµСЂРµРЅРѕСЃР° - РІРІРµРґРёС‚Рµ "<green>Y</green>" (Р±РµР· РєР°РІС‹С‡РµРє)

2026-03-03 18:21:05.974 | INFO | <bold>[3]</bold> Выберите какие плейлисты нужно перенести: 
2026-03-03 18:21:06.502 | INFO | <green>[*]</green> Сервис для экспорта: <bold>Яндекс музыка</bold>
<green>[*]</green> Сервис для импорта: <bold>Яндекс музыка</bold>

===================================================================


1. [-] РњРЅРµ РЅСЂР°РІРёС‚СЃСЏ                     | РўСЂРµРєРѕРІ: <cyan>318</cyan>
2. [-] Cornfield Chase                             | РўСЂРµРєРѕРІ: <cyan>1</cyan>
3. [-] SKIF + Fugu95 + koleno4ka + LUCKYBANANA5894 | РўСЂРµРєРѕРІ: <cyan>43</cyan>
4. [+] 世界は恋に落ちている                                  | РўСЂРµРєРѕРІ: <cyan>9</cyan>
5. [+] псы попадут в рай                           | РўСЂРµРєРѕРІ: <cyan>4</cyan>


[!] Р”Р»СЏ РЅР°С‡Р°Р»Р° РїРµСЂРµРЅРѕСЃР° - РІРІРµРґРёС‚Рµ "<green>Y</green>" (Р±РµР· РєР°РІС‹С‡РµРє)

2026-03-03 18:21:06.502 | INFO | <bold>[3]</bold> Выберите какие плейлисты нужно перенести: 
2026-03-03 18:21:06.841 | INFO | <green>[*]</green> Сервис для экспорта: <bold>Яндекс музыка</bold>
<green>[*]</green> Сервис для импорта: <bold>Яндекс музыка</bold>

===================================================================


1. [-] РњРЅРµ РЅСЂР°РІРёС‚СЃСЏ                     | РўСЂРµРєРѕРІ: <cyan>318</cyan>
2. [-] Cornfield Chase                             | РўСЂРµРєРѕРІ: <cyan>1</cyan>
3. [+] SKIF + Fugu95 + koleno4ka + LUCKYBANANA5894 | РўСЂРµРєРѕРІ: <cyan>43</cyan>
4. [+] 世界は恋に落ちている                                  | РўСЂРµРєРѕРІ: <cyan>9</cyan>
5. [+] псы попадут в рай                           | РўСЂРµРєРѕРІ: <cyan>4</cyan>


[!] Р”Р»СЏ РЅР°С‡Р°Р»Р° РїРµСЂРµРЅРѕСЃР° - РІРІРµРґРёС‚Рµ "<green>Y</green>" (Р±РµР· РєР°РІС‹С‡РµРє)

2026-03-03 18:21:06.842 | INFO | <bold>[3]</bold> Выберите какие плейлисты нужно перенести: 
2026-03-03 18:21:07.090 | INFO | <green>[*]</green> Сервис для экспорта: <bold>Яндекс музыка</bold>
<green>[*]</green> Сервис для импорта: <bold>Яндекс музыка</bold>

===================================================================


1. [-] РњРЅРµ РЅСЂР°РІРёС‚СЃСЏ                     | РўСЂРµРєРѕРІ: <cyan>318</cyan>
2. [+] Cornfield Chase                             | РўСЂРµРєРѕРІ: <cyan>1</cyan>
3. [+] SKIF + Fugu95 + koleno4ka + LUCKYBANANA5894 | РўСЂРµРєРѕРІ: <cyan>43</cyan>
4. [+] 世界は恋に落ちている                                  | РўСЂРµРєРѕРІ: <cyan>9</cyan>
5. [+] псы попадут в рай                           | РўСЂРµРєРѕРІ: <cyan>4</cyan>


[!] Р”Р»СЏ РЅР°С‡Р°Р»Р° РїРµСЂРµРЅРѕСЃР° - РІРІРµРґРёС‚Рµ "<green>Y</green>" (Р±РµР· РєР°РІС‹С‡РµРє)

2026-03-03 18:21:07.091 | INFO | <bold>[3]</bold> Выберите какие плейлисты нужно перенести: 
2026-03-03 18:21:07.391 | INFO | <green>[*]</green> Сервис для экспорта: <bold>Яндекс музыка</bold>
<green>[*]</green> Сервис для импорта: <bold>Яндекс музыка</bold>

===================================================================


1. [+] РњРЅРµ РЅСЂР°РІРёС‚СЃСЏ                     | РўСЂРµРєРѕРІ: <cyan>318</cyan>
2. [+] Cornfield Chase                             | РўСЂРµРєРѕРІ: <cyan>1</cyan>
3. [+] SKIF + Fugu95 + koleno4ka + LUCKYBANANA5894 | РўСЂРµРєРѕРІ: <cyan>43</cyan>
4. [+] 世界は恋に落ちている                                  | РўСЂРµРєРѕРІ: <cyan>9</cyan>
5. [+] псы попадут в рай                           | РўСЂРµРєРѕРІ: <cyan>4</cyan>


[!] Р”Р»СЏ РЅР°С‡Р°Р»Р° РїРµСЂРµРЅРѕСЃР° - РІРІРµРґРёС‚Рµ "<green>Y</green>" (Р±РµР· РєР°РІС‹С‡РµРє)

2026-03-03 18:21:07.391 | INFO | <bold>[3]</bold> Выберите какие плейлисты нужно перенести: 
2026-03-03 18:21:52.345 | INFO | <green>[*]</green> Сервис для экспорта: <bold>Яндекс музыка</bold>
<green>[*]</green> Сервис для импорта: <bold>Яндекс музыка</bold>

===================================================================


1. [+] РњРЅРµ РЅСЂР°РІРёС‚СЃСЏ                     | РўСЂРµРєРѕРІ: <cyan>318</cyan>
2. [+] Cornfield Chase                             | РўСЂРµРєРѕРІ: <cyan>1</cyan>
3. [+] SKIF + Fugu95 + koleno4ka + LUCKYBANANA5894 | РўСЂРµРєРѕРІ: <cyan>43</cyan>
4. [+] 世界は恋に落ちている                                  | РўСЂРµРєРѕРІ: <cyan>9</cyan>
5. [+] псы попадут в рай                           | РўСЂРµРєРѕРІ: <cyan>4</cyan>


[!] Нужно ввести цифру(номер) плейлиста (invalid literal for int() with base 10: '')

[!] Р”Р»СЏ РЅР°С‡Р°Р»Р° РїРµСЂРµРЅРѕСЃР° - РІРІРµРґРёС‚Рµ "<green>Y</green>" (Р±РµР· РєР°РІС‹С‡РµРє)

2026-03-03 18:21:52.345 | INFO | <bold>[3]</bold> Выберите какие плейлисты нужно перенести: 
2026-03-03 18:21:53.015 | INFO | <green>[*]</green> Сервис для экспорта: <bold>Яндекс музыка</bold>
<green>[*]</green> Сервис для импорта: <bold>Яндекс музыка</bold>

===================================================================


1. [+] РњРЅРµ РЅСЂР°РІРёС‚СЃСЏ                     | РўСЂРµРєРѕРІ: <cyan>318</cyan>
2. [+] Cornfield Chase                             | РўСЂРµРєРѕРІ: <cyan>1</cyan>
3. [+] SKIF + Fugu95 + koleno4ka + LUCKYBANANA5894 | РўСЂРµРєРѕРІ: <cyan>43</cyan>
4. [+] 世界は恋に落ちている                                  | РўСЂРµРєРѕРІ: <cyan>9</cyan>
5. [+] псы попадут в рай                           | РўСЂРµРєРѕРІ: <cyan>4</cyan>


[!] Нужно ввести цифру(номер) плейлиста (invalid literal for int() with base 10: 'н')

[!] Р”Р»СЏ РЅР°С‡Р°Р»Р° РїРµСЂРµРЅРѕСЃР° - РІРІРµРґРёС‚Рµ "<green>Y</green>" (Р±РµР· РєР°РІС‹С‡РµРє)

2026-03-03 18:21:53.016 | INFO | <bold>[3]</bold> Выберите какие плейлисты нужно перенести: 
2026-03-03 18:21:53.547 | INFO | <green>[*]</green> Сервис для экспорта: <bold>Яндекс музыка</bold>
<green>[*]</green> Сервис для импорта: <bold>Яндекс музыка</bold>

===================================================================


1. [+] РњРЅРµ РЅСЂР°РІРёС‚СЃСЏ                     | РўСЂРµРєРѕРІ: <cyan>318</cyan>
2. [+] Cornfield Chase                             | РўСЂРµРєРѕРІ: <cyan>1</cyan>
3. [+] SKIF + Fugu95 + koleno4ka + LUCKYBANANA5894 | РўСЂРµРєРѕРІ: <cyan>43</cyan>
4. [+] 世界は恋に落ちている                                  | РўСЂРµРєРѕРІ: <cyan>9</cyan>
5. [+] псы попадут в рай                           | РўСЂРµРєРѕРІ: <cyan>4</cyan>


[!] Нужно ввести цифру(номер) плейлиста (invalid literal for int() with base 10: '')

[!] Р”Р»СЏ РЅР°С‡Р°Р»Р° РїРµСЂРµРЅРѕСЃР° - РІРІРµРґРёС‚Рµ "<green>Y</green>" (Р±РµР· РєР°РІС‹С‡РµРє)

2026-03-03 18:21:53.548 | INFO | <bold>[3]</bold> Выберите какие плейлисты нужно перенести: 
2026-03-03 18:21:55.255 | INFO | 1. [-] Яндекс музыка
2. [-] SoundCloud


2026-03-03 18:21:55.255 | INFO | <bold>[1]</bold> Выберите сервис из которого хотите перенести плейлисты: 
2026-03-03 18:21:56.082 | INFO | <green>[*]</green> Сервис для экспорта: <bold>Яндекс музыка</bold>

1. [++] Яндекс музыка
2. [-] SoundCloud


2026-03-03 18:21:56.083 | INFO | <bold>[2]</bold> Выберите сервис в который хотите перенести плейлисты: 
2026-03-03 18:21:56.581 | INFO | [*] Parsing playlists and tracks...
2026-03-03 18:22:00.497 | INFO | <green>[*]</green> Сервис для экспорта: <bold>Яндекс музыка</bold>
<green>[*]</green> Сервис для импорта: <bold>SoundCloud</bold>

===================================================================


1. [+] РњРЅРµ РЅСЂР°РІРёС‚СЃСЏ                     | Треков: <cyan>318</cyan>
2. [+] Cornfield Chase                             | Треков: <cyan>1</cyan>
3. [+] SKIF + Fugu95 + koleno4ka + LUCKYBANANA5894 | Треков: <cyan>43</cyan>
4. [+] 世界は恋に落ちている                                  | Треков: <cyan>9</cyan>
5. [+] псы попадут в рай                           | Треков: <cyan>4</cyan>


[!] Для продолжения - введите "<green>Y</green>" (без кавычек)

2026-03-03 18:22:00.498 | INFO | <bold>[3]</bold> Выберите какие плейлисты нужно перенести: 
